<?xml version="1.0" encoding="UTF-8"?>
<!-- Generated by org.testng.reporters.JUnitReportReporter -->
<testsuite hostname="shreyass-MacBook-Air.local" failures="0" tests="4" name="com.phpTravelsDemo.Tests.LoginTest" time="31.202" errors="0" timestamp="2022-03-19T19:31:54 IST" skipped="0">
  <testcase classname="com.phpTravelsDemo.Tests.LoginTest" name="CheckPageTitleBeforeLoggedIn" time="3.753"/>
  <system-out/>
  <testcase classname="com.phpTravelsDemo.Tests.LoginTest" name="CheckForInvalidLogin" time="6.855"/>
  <system-out/>
  <testcase classname="com.phpTravelsDemo.Tests.LoginTest" name="CheckForInvalidLogin" time="6.406"/>
  <system-out/>
  <testcase classname="com.phpTravelsDemo.Tests.LoginTest" name="CheckForValidLogin" time="14.188"/>
  <system-out/>
</testsuite> <!-- com.phpTravelsDemo.Tests.LoginTest -->
